This file contains any messages produced by compilers while
running configure, to aid debugging if configure makes a mistake.

It was created by Protocol Buffers configure 3.20.0, which was
generated by GNU Autoconf 2.71.  Invocation command line was

  $ ./configure

## --------- ##
## Platform. ##
## --------- ##

hostname = vcm-33209.vm.duke.edu
uname -m = x86_64
uname -r = 5.4.0-148-generic
uname -s = Linux
uname -v = #165-Ubuntu SMP Tue Apr 18 08:53:12 UTC 2023

/usr/bin/uname -p = x86_64
/bin/uname -X     = unknown

/bin/arch              = x86_64
/usr/bin/arch -k       = unknown
/usr/convex/getsysinfo = unknown
/usr/bin/hostinfo      = unknown
/bin/machine           = unknown
/usr/bin/oslevel       = unknown
/bin/universe          = unknown

PATH: /home/tl330/.vscode-server/bin/704ed70d4fd1c6bd6342c436f1ede30d1cff4710/bin/remote-cli/
PATH: /usr/local/sbin/
PATH: /usr/local/bin/
PATH: /usr/sbin/
PATH: /usr/bin/
PATH: /sbin/
PATH: /bin/
PATH: /usr/games/
PATH: /usr/local/games/
PATH: /snap/bin/


## ----------- ##
## Core tests. ##
## ----------- ##

configure:3054: looking for aux files: ltmain.sh ar-lib compile missing install-sh config.guess config.sub
configure:3067:  trying ./
configure:3096:   ./ltmain.sh found
configure:3096:   ./ar-lib found
configure:3096:   ./compile found
configure:3096:   ./missing found
configure:3078:   ./install-sh found
configure:3096:   ./config.guess found
configure:3096:   ./config.sub found
configure:3209: checking whether to enable maintainer-specific portions of Makefiles
configure:3219: result: yes
configure:3270: checking build system type
configure:3285: result: x86_64-pc-linux-gnu
configure:3305: checking host system type
configure:3319: result: x86_64-pc-linux-gnu
configure:3339: checking target system type
configure:3353: result: x86_64-pc-linux-gnu
configure:3397: checking for a BSD-compatible install
configure:3470: result: /usr/bin/install -c
configure:3481: checking whether build environment is sane
configure:3536: result: yes
configure:3693: checking for a race-free mkdir -p
configure:3737: result: /usr/bin/mkdir -p
configure:3744: checking for gawk
configure:3779: result: no
configure:3744: checking for mawk
configure:3765: found /usr/bin/mawk
configure:3776: result: mawk
configure:3787: checking whether make sets $(MAKE)
configure:3810: result: yes
configure:3840: checking whether make supports nested variables
configure:3858: result: yes
configure:3943: checking whether UID '1491760' is supported by ustar format
configure:3946: result: yes
configure:3953: checking whether GID '1002' is supported by ustar format
configure:3956: result: yes
configure:3964: checking how to create a ustar tar archive
configure:3975: tar --version
tar (GNU tar) 1.30
Copyright (C) 2017 Free Software Foundation, Inc.
License GPLv3+: GNU GPL version 3 or later <https://gnu.org/licenses/gpl.html>.
This is free software: you are free to change and redistribute it.
There is NO WARRANTY, to the extent permitted by law.

Written by John Gilmore and Jay Fenlason.
configure:3978: $? = 0
configure:4018: tardir=conftest.dir && eval tar --format=ustar -chf - "$tardir" >conftest.tar
configure:4021: $? = 0
configure:4025: tar -xf - <conftest.tar
configure:4028: $? = 0
configure:4030: cat conftest.dir/file
GrepMe
configure:4033: $? = 0
configure:4047: result: gnutar
configure:4127: checking whether make supports nested variables
configure:4145: result: yes
configure:4256: checking for gcc
configure:4277: found /usr/bin/gcc
configure:4288: result: gcc
configure:4641: checking for C compiler version
configure:4650: gcc --version >&5
gcc (Ubuntu 9.4.0-1ubuntu1~20.04.1) 9.4.0
Copyright (C) 2019 Free Software Foundation, Inc.
This is free software; see the source for copying conditions.  There is NO
warranty; not even for MERCHANTABILITY or FITNESS FOR A PARTICULAR PURPOSE.

configure:4661: $? = 0
configure:4650: gcc -v >&5
Using built-in specs.
COLLECT_GCC=gcc
COLLECT_LTO_WRAPPER=/usr/lib/gcc/x86_64-linux-gnu/9/lto-wrapper
OFFLOAD_TARGET_NAMES=nvptx-none:hsa
OFFLOAD_TARGET_DEFAULT=1
Target: x86_64-linux-gnu
Configured with: ../src/configure -v --with-pkgversion='Ubuntu 9.4.0-1ubuntu1~20.04.1' --with-bugurl=file:///usr/share/doc/gcc-9/README.Bugs --enable-languages=c,ada,c++,go,brig,d,fortran,objc,obj-c++,gm2 --prefix=/usr --with-gcc-major-version-only --program-suffix=-9 --program-prefix=x86_64-linux-gnu- --enable-shared --enable-linker-build-id --libexecdir=/usr/lib --without-included-gettext --enable-threads=posix --libdir=/usr/lib --enable-nls --enable-clocale=gnu --enable-libstdcxx-debug --enable-libstdcxx-time=yes --with-default-libstdcxx-abi=new --enable-gnu-unique-object --disable-vtable-verify --enable-plugin --enable-default-pie --with-system-zlib --with-target-system-zlib=auto --enable-objc-gc=auto --enable-multiarch --disable-werror --with-arch-32=i686 --with-abi=m64 --with-multilib-list=m32,m64,mx32 --enable-multilib --with-tune=generic --enable-offload-targets=nvptx-none=/build/gcc-9-Av3uEd/gcc-9-9.4.0/debian/tmp-nvptx/usr,hsa --without-cuda-driver --enable-checking=release --build=x86_64-linux-gnu --host=x86_64-linux-gnu --target=x86_64-linux-gnu
Thread model: posix
gcc version 9.4.0 (Ubuntu 9.4.0-1ubuntu1~20.04.1) 
configure:4661: $? = 0
configure:4650: gcc -V >&5
gcc: error: unrecognized command line option '-V'
gcc: fatal error: no input files
compilation terminated.
configure:4661: $? = 1
configure:4650: gcc -qversion >&5
gcc: error: unrecognized command line option '-qversion'; did you mean '--version'?
gcc: fatal error: no input files
compilation terminated.
configure:4661: $? = 1
configure:4650: gcc -version >&5
gcc: error: unrecognized command line option '-version'
gcc: fatal error: no input files
compilation terminated.
configure:4661: $? = 1
configure:4681: checking whether the C compiler works
configure:4703: gcc    conftest.c  >&5
configure:4707: $? = 0
configure:4757: result: yes
configure:4760: checking for C compiler default output file name
configure:4762: result: a.out
configure:4768: checking for suffix of executables
configure:4775: gcc -o conftest    conftest.c  >&5
configure:4779: $? = 0
configure:4802: result: 
configure:4824: checking whether we are cross compiling
configure:4832: gcc -o conftest    conftest.c  >&5
configure:4836: $? = 0
configure:4843: ./conftest
configure:4847: $? = 0
configure:4835: result: no
configure:4840: checking for suffix of object files
configure:4863: gcc -c   conftest.c >&5
configure:4867: $? = 0
configure:4889: result: o
configure:4893: checking whether the compiler supports GNU C
configure:4913: gcc -c   conftest.c >&5
configure:4913: $? = 0
configure:4923: result: yes
configure:4934: checking whether gcc accepts -g
configure:4955: gcc -c -g  conftest.c >&5
configure:4955: $? = 0
configure:4999: result: yes
configure:5019: checking for gcc option to enable C11 features
configure:5034: gcc  -c   conftest.c >&5
configure:5034: $? = 0
configure:5052: result: none needed
configure:5168: checking whether gcc understands -c and -o together
configure:5191: gcc -c conftest.c -o conftest2.o
configure:5194: $? = 0
configure:5191: gcc -c conftest.c -o conftest2.o
configure:5194: $? = 0
configure:5206: result: yes
configure:5226: checking whether make supports the include directive
configure:5241: make -f confmf.GNU && cat confinc.out
this is the am__doit target
configure:5244: $? = 0
configure:5263: result: yes (GNU style)
configure:5289: checking dependency style of gcc
configure:5401: result: gcc3
configure:5485: checking for g++
configure:5506: found /usr/bin/g++
configure:5517: result: g++
configure:5544: checking for C++ compiler version
configure:5553: g++ --version >&5
g++ (Ubuntu 9.4.0-1ubuntu1~20.04.1) 9.4.0
Copyright (C) 2019 Free Software Foundation, Inc.
This is free software; see the source for copying conditions.  There is NO
warranty; not even for MERCHANTABILITY or FITNESS FOR A PARTICULAR PURPOSE.

configure:5564: $? = 0
configure:5553: g++ -v >&5
Using built-in specs.
COLLECT_GCC=g++
COLLECT_LTO_WRAPPER=/usr/lib/gcc/x86_64-linux-gnu/9/lto-wrapper
OFFLOAD_TARGET_NAMES=nvptx-none:hsa
OFFLOAD_TARGET_DEFAULT=1
Target: x86_64-linux-gnu
Configured with: ../src/configure -v --with-pkgversion='Ubuntu 9.4.0-1ubuntu1~20.04.1' --with-bugurl=file:///usr/share/doc/gcc-9/README.Bugs --enable-languages=c,ada,c++,go,brig,d,fortran,objc,obj-c++,gm2 --prefix=/usr --with-gcc-major-version-only --program-suffix=-9 --program-prefix=x86_64-linux-gnu- --enable-shared --enable-linker-build-id --libexecdir=/usr/lib --without-included-gettext --enable-threads=posix --libdir=/usr/lib --enable-nls --enable-clocale=gnu --enable-libstdcxx-debug --enable-libstdcxx-time=yes --with-default-libstdcxx-abi=new --enable-gnu-unique-object --disable-vtable-verify --enable-plugin --enable-default-pie --with-system-zlib --with-target-system-zlib=auto --enable-objc-gc=auto --enable-multiarch --disable-werror --with-arch-32=i686 --with-abi=m64 --with-multilib-list=m32,m64,mx32 --enable-multilib --with-tune=generic --enable-offload-targets=nvptx-none=/build/gcc-9-Av3uEd/gcc-9-9.4.0/debian/tmp-nvptx/usr,hsa --without-cuda-driver --enable-checking=release --build=x86_64-linux-gnu --host=x86_64-linux-gnu --target=x86_64-linux-gnu
Thread model: posix
gcc version 9.4.0 (Ubuntu 9.4.0-1ubuntu1~20.04.1) 
configure:5564: $? = 0
configure:5553: g++ -V >&5
g++: error: unrecognized command line option '-V'
g++: fatal error: no input files
compilation terminated.
configure:5564: $? = 1
configure:5553: g++ -qversion >&5
g++: error: unrecognized command line option '-qversion'; did you mean '--version'?
g++: fatal error: no input files
compilation terminated.
configure:5564: $? = 1
configure:5568: checking whether the compiler supports GNU C++
configure:5588: g++ -c   conftest.cpp >&5
configure:5588: $? = 0
configure:5598: result: yes
configure:5609: checking whether g++ accepts -g
configure:5630: g++ -c -g  conftest.cpp >&5
configure:5630: $? = 0
configure:5674: result: yes
configure:5694: checking for g++ option to enable C++11 features
configure:5709: g++  -c   conftest.cpp >&5
configure:5709: $? = 0
configure:5727: result: none needed
configure:5793: checking dependency style of g++
configure:5905: result: gcc3
configure:5925: checking how to run the C preprocessor
configure:5951: gcc -E  conftest.c
configure:5951: $? = 0
configure:5966: gcc -E  conftest.c
conftest.c:11:10: fatal error: ac_nonexistent.h: No such file or directory
   11 | #include <ac_nonexistent.h>
      |          ^~~~~~~~~~~~~~~~~~
compilation terminated.
configure:5966: $? = 1
configure: failed program was:
| /* confdefs.h */
| #define PACKAGE_NAME "Protocol Buffers"
| #define PACKAGE_TARNAME "protobuf"
| #define PACKAGE_VERSION "3.20.0"
| #define PACKAGE_STRING "Protocol Buffers 3.20.0"
| #define PACKAGE_BUGREPORT "protobuf@googlegroups.com"
| #define PACKAGE_URL ""
| #define PACKAGE "protobuf"
| #define VERSION "3.20.0"
| /* end confdefs.h.  */
| #include <ac_nonexistent.h>
configure:5993: result: gcc -E
configure:6007: gcc -E  conftest.c
configure:6007: $? = 0
configure:6022: gcc -E  conftest.c
conftest.c:11:10: fatal error: ac_nonexistent.h: No such file or directory
   11 | #include <ac_nonexistent.h>
      |          ^~~~~~~~~~~~~~~~~~
compilation terminated.
configure:6022: $? = 1
configure: failed program was:
| /* confdefs.h */
| #define PACKAGE_NAME "Protocol Buffers"
| #define PACKAGE_TARNAME "protobuf"
| #define PACKAGE_VERSION "3.20.0"
| #define PACKAGE_STRING "Protocol Buffers 3.20.0"
| #define PACKAGE_BUGREPORT "protobuf@googlegroups.com"
| #define PACKAGE_URL ""
| #define PACKAGE "protobuf"
| #define VERSION "3.20.0"
| /* end confdefs.h.  */
| #include <ac_nonexistent.h>
configure:6113: checking for gcc
configure:6134: found /usr/bin/gcc
configure:6145: result: gcc
configure:6498: checking for C compiler version
configure:6507: gcc --version >&5
gcc (Ubuntu 9.4.0-1ubuntu1~20.04.1) 9.4.0
Copyright (C) 2019 Free Software Foundation, Inc.
This is free software; see the source for copying conditions.  There is NO
warranty; not even for MERCHANTABILITY or FITNESS FOR A PARTICULAR PURPOSE.

configure:6518: $? = 0
configure:6507: gcc -v >&5
Using built-in specs.
COLLECT_GCC=gcc
COLLECT_LTO_WRAPPER=/usr/lib/gcc/x86_64-linux-gnu/9/lto-wrapper
OFFLOAD_TARGET_NAMES=nvptx-none:hsa
OFFLOAD_TARGET_DEFAULT=1
Target: x86_64-linux-gnu
Configured with: ../src/configure -v --with-pkgversion='Ubuntu 9.4.0-1ubuntu1~20.04.1' --with-bugurl=file:///usr/share/doc/gcc-9/README.Bugs --enable-languages=c,ada,c++,go,brig,d,fortran,objc,obj-c++,gm2 --prefix=/usr --with-gcc-major-version-only --program-suffix=-9 --program-prefix=x86_64-linux-gnu- --enable-shared --enable-linker-build-id --libexecdir=/usr/lib --without-included-gettext --enable-threads=posix --libdir=/usr/lib --enable-nls --enable-clocale=gnu --enable-libstdcxx-debug --enable-libstdcxx-time=yes --with-default-libstdcxx-abi=new --enable-gnu-unique-object --disable-vtable-verify --enable-plugin --enable-default-pie --with-system-zlib --with-target-system-zlib=auto --enable-objc-gc=auto --enable-multiarch --disable-werror --with-arch-32=i686 --with-abi=m64 --with-multilib-list=m32,m64,mx32 --enable-multilib --with-tune=generic --enable-offload-targets=nvptx-none=/build/gcc-9-Av3uEd/gcc-9-9.4.0/debian/tmp-nvptx/usr,hsa --without-cuda-driver --enable-checking=release --build=x86_64-linux-gnu --host=x86_64-linux-gnu --target=x86_64-linux-gnu
Thread model: posix
gcc version 9.4.0 (Ubuntu 9.4.0-1ubuntu1~20.04.1) 
configure:6518: $? = 0
configure:6507: gcc -V >&5
gcc: error: unrecognized command line option '-V'
gcc: fatal error: no input files
compilation terminated.
configure:6518: $? = 1
configure:6507: gcc -qversion >&5
gcc: error: unrecognized command line option '-qversion'; did you mean '--version'?
gcc: fatal error: no input files
compilation terminated.
configure:6518: $? = 1
configure:6507: gcc -version >&5
gcc: error: unrecognized command line option '-version'
gcc: fatal error: no input files
compilation terminated.
configure:6518: $? = 1
configure:6522: checking whether the compiler supports GNU C
configure:6552: result: yes
configure:6563: checking whether gcc accepts -g
configure:6584: gcc -c   conftest.c >&5
configure:6584: $? = 0
configure:6628: result: yes
configure:6648: checking for gcc option to enable C11 features
configure:6681: result: none needed
configure:6797: checking whether gcc understands -c and -o together
configure:6835: result: yes
configure:6854: checking dependency style of gcc
configure:6966: result: gcc3
configure:6986: checking how to run the C preprocessor
configure:7012: gcc -E  conftest.c
configure:7012: $? = 0
configure:7027: gcc -E  conftest.c
conftest.c:11:10: fatal error: ac_nonexistent.h: No such file or directory
   11 | #include <ac_nonexistent.h>
      |          ^~~~~~~~~~~~~~~~~~
compilation terminated.
configure:7027: $? = 1
configure: failed program was:
| /* confdefs.h */
| #define PACKAGE_NAME "Protocol Buffers"
| #define PACKAGE_TARNAME "protobuf"
| #define PACKAGE_VERSION "3.20.0"
| #define PACKAGE_STRING "Protocol Buffers 3.20.0"
| #define PACKAGE_BUGREPORT "protobuf@googlegroups.com"
| #define PACKAGE_URL ""
| #define PACKAGE "protobuf"
| #define VERSION "3.20.0"
| /* end confdefs.h.  */
| #include <ac_nonexistent.h>
configure:7054: result: gcc -E
configure:7068: gcc -E  conftest.c
configure:7068: $? = 0
configure:7083: gcc -E  conftest.c
conftest.c:11:10: fatal error: ac_nonexistent.h: No such file or directory
   11 | #include <ac_nonexistent.h>
      |          ^~~~~~~~~~~~~~~~~~
compilation terminated.
configure:7083: $? = 1
configure: failed program was:
| /* confdefs.h */
| #define PACKAGE_NAME "Protocol Buffers"
| #define PACKAGE_TARNAME "protobuf"
| #define PACKAGE_VERSION "3.20.0"
| #define PACKAGE_STRING "Protocol Buffers 3.20.0"
| #define PACKAGE_BUGREPORT "protobuf@googlegroups.com"
| #define PACKAGE_URL ""
| #define PACKAGE "protobuf"
| #define VERSION "3.20.0"
| /* end confdefs.h.  */
| #include <ac_nonexistent.h>
configure:7127: checking how to run the C++ preprocessor
configure:7149: g++ -E  conftest.cpp
configure:7149: $? = 0
configure:7164: g++ -E  conftest.cpp
conftest.cpp:11:10: fatal error: ac_nonexistent.h: No such file or directory
   11 | #include <ac_nonexistent.h>
      |          ^~~~~~~~~~~~~~~~~~
compilation terminated.
configure:7164: $? = 1
configure: failed program was:
| /* confdefs.h */
| #define PACKAGE_NAME "Protocol Buffers"
| #define PACKAGE_TARNAME "protobuf"
| #define PACKAGE_VERSION "3.20.0"
| #define PACKAGE_STRING "Protocol Buffers 3.20.0"
| #define PACKAGE_BUGREPORT "protobuf@googlegroups.com"
| #define PACKAGE_URL ""
| #define PACKAGE "protobuf"
| #define VERSION "3.20.0"
| /* end confdefs.h.  */
| #include <ac_nonexistent.h>
configure:7191: result: g++ -E
configure:7205: g++ -E  conftest.cpp
configure:7205: $? = 0
configure:7220: g++ -E  conftest.cpp
conftest.cpp:11:10: fatal error: ac_nonexistent.h: No such file or directory
   11 | #include <ac_nonexistent.h>
      |          ^~~~~~~~~~~~~~~~~~
compilation terminated.
configure:7220: $? = 1
configure: failed program was:
| /* confdefs.h */
| #define PACKAGE_NAME "Protocol Buffers"
| #define PACKAGE_TARNAME "protobuf"
| #define PACKAGE_VERSION "3.20.0"
| #define PACKAGE_STRING "Protocol Buffers 3.20.0"
| #define PACKAGE_BUGREPORT "protobuf@googlegroups.com"
| #define PACKAGE_URL ""
| #define PACKAGE "protobuf"
| #define VERSION "3.20.0"
| /* end confdefs.h.  */
| #include <ac_nonexistent.h>
configure:7320: checking for g++
configure:7341: found /usr/bin/g++
configure:7352: result: g++
configure:7379: checking for C++ compiler version
configure:7388: g++ --version >&5
g++ (Ubuntu 9.4.0-1ubuntu1~20.04.1) 9.4.0
Copyright (C) 2019 Free Software Foundation, Inc.
This is free software; see the source for copying conditions.  There is NO
warranty; not even for MERCHANTABILITY or FITNESS FOR A PARTICULAR PURPOSE.

configure:7399: $? = 0
configure:7388: g++ -v >&5
Using built-in specs.
COLLECT_GCC=g++
COLLECT_LTO_WRAPPER=/usr/lib/gcc/x86_64-linux-gnu/9/lto-wrapper
OFFLOAD_TARGET_NAMES=nvptx-none:hsa
OFFLOAD_TARGET_DEFAULT=1
Target: x86_64-linux-gnu
Configured with: ../src/configure -v --with-pkgversion='Ubuntu 9.4.0-1ubuntu1~20.04.1' --with-bugurl=file:///usr/share/doc/gcc-9/README.Bugs --enable-languages=c,ada,c++,go,brig,d,fortran,objc,obj-c++,gm2 --prefix=/usr --with-gcc-major-version-only --program-suffix=-9 --program-prefix=x86_64-linux-gnu- --enable-shared --enable-linker-build-id --libexecdir=/usr/lib --without-included-gettext --enable-threads=posix --libdir=/usr/lib --enable-nls --enable-clocale=gnu --enable-libstdcxx-debug --enable-libstdcxx-time=yes --with-default-libstdcxx-abi=new --enable-gnu-unique-object --disable-vtable-verify --enable-plugin --enable-default-pie --with-system-zlib --with-target-system-zlib=auto --enable-objc-gc=auto --enable-multiarch --disable-werror --with-arch-32=i686 --with-abi=m64 --with-multilib-list=m32,m64,mx32 --enable-multilib --with-tune=generic --enable-offload-targets=nvptx-none=/build/gcc-9-Av3uEd/gcc-9-9.4.0/debian/tmp-nvptx/usr,hsa --without-cuda-driver --enable-checking=release --build=x86_64-linux-gnu --host=x86_64-linux-gnu --target=x86_64-linux-gnu
Thread model: posix
gcc version 9.4.0 (Ubuntu 9.4.0-1ubuntu1~20.04.1) 
configure:7399: $? = 0
configure:7388: g++ -V >&5
g++: error: unrecognized command line option '-V'
g++: fatal error: no input files
compilation terminated.
configure:7399: $? = 1
configure:7388: g++ -qversion >&5
g++: error: unrecognized command line option '-qversion'; did you mean '--version'?
g++: fatal error: no input files
compilation terminated.
configure:7399: $? = 1
configure:7403: checking whether the compiler supports GNU C++
configure:7433: result: yes
configure:7444: checking whether g++ accepts -g
configure:7465: gcc -c   conftest.cpp >&5
configure:7465: $? = 0
configure:7509: result: yes
configure:7529: checking for g++ option to enable C++11 features
configure:7562: result: none needed
configure:7628: checking dependency style of g++
configure:7740: result: gcc3
configure:7760: checking how to run the C++ preprocessor
configure:7782: g++ -E  conftest.cpp
configure:7782: $? = 0
configure:7797: g++ -E  conftest.cpp
conftest.cpp:11:10: fatal error: ac_nonexistent.h: No such file or directory
   11 | #include <ac_nonexistent.h>
      |          ^~~~~~~~~~~~~~~~~~
compilation terminated.
configure:7797: $? = 1
configure: failed program was:
| /* confdefs.h */
| #define PACKAGE_NAME "Protocol Buffers"
| #define PACKAGE_TARNAME "protobuf"
| #define PACKAGE_VERSION "3.20.0"
| #define PACKAGE_STRING "Protocol Buffers 3.20.0"
| #define PACKAGE_BUGREPORT "protobuf@googlegroups.com"
| #define PACKAGE_URL ""
| #define PACKAGE "protobuf"
| #define VERSION "3.20.0"
| /* end confdefs.h.  */
| #include <ac_nonexistent.h>
configure:7824: result: g++ -E
configure:7838: g++ -E  conftest.cpp
configure:7838: $? = 0
configure:7853: g++ -E  conftest.cpp
conftest.cpp:11:10: fatal error: ac_nonexistent.h: No such file or directory
   11 | #include <ac_nonexistent.h>
      |          ^~~~~~~~~~~~~~~~~~
compilation terminated.
configure:7853: $? = 1
configure: failed program was:
| /* confdefs.h */
| #define PACKAGE_NAME "Protocol Buffers"
| #define PACKAGE_TARNAME "protobuf"
| #define PACKAGE_VERSION "3.20.0"
| #define PACKAGE_STRING "Protocol Buffers 3.20.0"
| #define PACKAGE_BUGREPORT "protobuf@googlegroups.com"
| #define PACKAGE_URL ""
| #define PACKAGE "protobuf"
| #define VERSION "3.20.0"
| /* end confdefs.h.  */
| #include <ac_nonexistent.h>
configure:7900: checking for stdio.h
configure:7900: g++ -c   conftest.cpp >&5
configure:7900: $? = 0
configure:7900: result: yes
configure:7900: checking for stdlib.h
configure:7900: g++ -c   conftest.cpp >&5
configure:7900: $? = 0
configure:7900: result: yes
configure:7900: checking for string.h
configure:7900: g++ -c   conftest.cpp >&5
configure:7900: $? = 0
configure:7900: result: yes
configure:7900: checking for inttypes.h
configure:7900: g++ -c   conftest.cpp >&5
configure:7900: $? = 0
configure:7900: result: yes
configure:7900: checking for stdint.h
configure:7900: g++ -c   conftest.cpp >&5
configure:7900: $? = 0
configure:7900: result: yes
configure:7900: checking for strings.h
configure:7900: g++ -c   conftest.cpp >&5
configure:7900: $? = 0
configure:7900: result: yes
configure:7900: checking for sys/stat.h
configure:7900: g++ -c   conftest.cpp >&5
configure:7900: $? = 0
configure:7900: result: yes
configure:7900: checking for sys/types.h
configure:7900: g++ -c   conftest.cpp >&5
configure:7900: $? = 0
configure:7900: result: yes
configure:7900: checking for unistd.h
configure:7900: g++ -c   conftest.cpp >&5
configure:7900: $? = 0
configure:7900: result: yes
configure:7900: checking for wchar.h
configure:7900: g++ -c   conftest.cpp >&5
configure:7900: $? = 0
configure:7900: result: yes
configure:7900: checking for minix/config.h
configure:7900: g++ -c   conftest.cpp >&5
conftest.cpp:49:10: fatal error: minix/config.h: No such file or directory
   49 | #include <minix/config.h>
      |          ^~~~~~~~~~~~~~~~
compilation terminated.
configure:7900: $? = 1
configure: failed program was:
| /* confdefs.h */
| #define PACKAGE_NAME "Protocol Buffers"
| #define PACKAGE_TARNAME "protobuf"
| #define PACKAGE_VERSION "3.20.0"
| #define PACKAGE_STRING "Protocol Buffers 3.20.0"
| #define PACKAGE_BUGREPORT "protobuf@googlegroups.com"
| #define PACKAGE_URL ""
| #define PACKAGE "protobuf"
| #define VERSION "3.20.0"
| #define HAVE_STDIO_H 1
| #define HAVE_STDLIB_H 1
| #define HAVE_STRING_H 1
| #define HAVE_INTTYPES_H 1
| #define HAVE_STDINT_H 1
| #define HAVE_STRINGS_H 1
| #define HAVE_SYS_STAT_H 1
| #define HAVE_SYS_TYPES_H 1
| #define HAVE_UNISTD_H 1
| #define HAVE_WCHAR_H 1
| /* end confdefs.h.  */
| #include <stddef.h>
| #ifdef HAVE_STDIO_H
| # include <stdio.h>
| #endif
| #ifdef HAVE_STDLIB_H
| # include <stdlib.h>
| #endif
| #ifdef HAVE_STRING_H
| # include <string.h>
| #endif
| #ifdef HAVE_INTTYPES_H
| # include <inttypes.h>
| #endif
| #ifdef HAVE_STDINT_H
| # include <stdint.h>
| #endif
| #ifdef HAVE_STRINGS_H
| # include <strings.h>
| #endif
| #ifdef HAVE_SYS_TYPES_H
| # include <sys/types.h>
| #endif
| #ifdef HAVE_SYS_STAT_H
| # include <sys/stat.h>
| #endif
| #ifdef HAVE_UNISTD_H
| # include <unistd.h>
| #endif
| #include <minix/config.h>
configure:7900: result: no
configure:7931: checking whether it is safe to define __EXTENSIONS__
configure:7950: g++ -c   conftest.cpp >&5
configure:7950: $? = 0
configure:7958: result: yes
configure:7961: checking whether _XOPEN_SOURCE should be defined
configure:7983: g++ -c   conftest.cpp >&5
configure:7983: $? = 0
configure:8010: result: no
configure:8127: checking for ar
configure:8148: found /usr/bin/ar
configure:8159: result: ar
configure:8185: checking the archiver (ar) interface
configure:8202: gcc -c   conftest.c >&5
configure:8202: $? = 0
configure:8205: ar cru libconftest.a conftest.o >&5
ar: `u' modifier ignored since `D' is the default (see `U')
configure:8208: $? = 0
configure:8207: result: ar
configure:8645: checking C++ compiler flags...
configure:8663: result: use default: -O2  -g -std=c++11 -DNDEBUG
configure:8675: checking for g++ options needed to detect all undeclared functions
configure:8697: g++ -c  -g -std=c++11 -DNDEBUG  conftest.cpp >&5
conftest.cpp: In function 'int main()':
conftest.cpp:42:8: error: 'strchr' was not declared in this scope
   42 | (void) strchr;
      |        ^~~~~~
conftest.cpp:1:1: note: 'strchr' is defined in header '<cstring>'; did you forget to '#include <cstring>'?
    1 | /* confdefs.h */
configure:8697: $? = 1
configure: failed program was:
| /* confdefs.h */
| #define PACKAGE_NAME "Protocol Buffers"
| #define PACKAGE_TARNAME "protobuf"
| #define PACKAGE_VERSION "3.20.0"
| #define PACKAGE_STRING "Protocol Buffers 3.20.0"
| #define PACKAGE_BUGREPORT "protobuf@googlegroups.com"
| #define PACKAGE_URL ""
| #define PACKAGE "protobuf"
| #define VERSION "3.20.0"
| #define HAVE_STDIO_H 1
| #define HAVE_STDLIB_H 1
| #define HAVE_STRING_H 1
| #define HAVE_INTTYPES_H 1
| #define HAVE_STDINT_H 1
| #define HAVE_STRINGS_H 1
| #define HAVE_SYS_STAT_H 1
| #define HAVE_SYS_TYPES_H 1
| #define HAVE_UNISTD_H 1
| #define HAVE_WCHAR_H 1
| #define STDC_HEADERS 1
| #define _ALL_SOURCE 1
| #define _DARWIN_C_SOURCE 1
| #define _GNU_SOURCE 1
| #define _HPUX_ALT_XOPEN_SOCKET_API 1
| #define _NETBSD_SOURCE 1
| #define _OPENBSD_SOURCE 1
| #define _POSIX_PTHREAD_SEMANTICS 1
| #define __STDC_WANT_IEC_60559_ATTRIBS_EXT__ 1
| #define __STDC_WANT_IEC_60559_BFP_EXT__ 1
| #define __STDC_WANT_IEC_60559_DFP_EXT__ 1
| #define __STDC_WANT_IEC_60559_FUNCS_EXT__ 1
| #define __STDC_WANT_IEC_60559_TYPES_EXT__ 1
| #define __STDC_WANT_LIB_EXT2__ 1
| #define __STDC_WANT_MATH_SPEC_FUNCS__ 1
| #define _TANDEM_SOURCE 1
| #define __EXTENSIONS__ 1
| /* end confdefs.h.  */
| 
| int
| main (void)
| {
| (void) strchr;
|   ;
|   return 0;
| }
configure:8724: g++ -c  -g -std=c++11 -DNDEBUG  conftest.cpp >&5
configure:8724: $? = 0
configure:8741: result: none needed
configure:8763: checking whether __SUNPRO_CC is declared
configure:8763: g++ -c  -g -std=c++11 -DNDEBUG   conftest.cpp >&5
conftest.cpp: In function 'int main()':
conftest.cpp:71:10: error: '__SUNPRO_CC' was not declared in this scope
   71 |   (void) __SUNPRO_CC;
      |          ^~~~~~~~~~~
configure:8763: $? = 1
configure: failed program was:
| /* confdefs.h */
| #define PACKAGE_NAME "Protocol Buffers"
| #define PACKAGE_TARNAME "protobuf"
| #define PACKAGE_VERSION "3.20.0"
| #define PACKAGE_STRING "Protocol Buffers 3.20.0"
| #define PACKAGE_BUGREPORT "protobuf@googlegroups.com"
| #define PACKAGE_URL ""
| #define PACKAGE "protobuf"
| #define VERSION "3.20.0"
| #define HAVE_STDIO_H 1
| #define HAVE_STDLIB_H 1
| #define HAVE_STRING_H 1
| #define HAVE_INTTYPES_H 1
| #define HAVE_STDINT_H 1
| #define HAVE_STRINGS_H 1
| #define HAVE_SYS_STAT_H 1
| #define HAVE_SYS_TYPES_H 1
| #define HAVE_UNISTD_H 1
| #define HAVE_WCHAR_H 1
| #define STDC_HEADERS 1
| #define _ALL_SOURCE 1
| #define _DARWIN_C_SOURCE 1
| #define _GNU_SOURCE 1
| #define _HPUX_ALT_XOPEN_SOCKET_API 1
| #define _NETBSD_SOURCE 1
| #define _OPENBSD_SOURCE 1
| #define _POSIX_PTHREAD_SEMANTICS 1
| #define __STDC_WANT_IEC_60559_ATTRIBS_EXT__ 1
| #define __STDC_WANT_IEC_60559_BFP_EXT__ 1
| #define __STDC_WANT_IEC_60559_DFP_EXT__ 1
| #define __STDC_WANT_IEC_60559_FUNCS_EXT__ 1
| #define __STDC_WANT_IEC_60559_TYPES_EXT__ 1
| #define __STDC_WANT_LIB_EXT2__ 1
| #define __STDC_WANT_MATH_SPEC_FUNCS__ 1
| #define _TANDEM_SOURCE 1
| #define __EXTENSIONS__ 1
| /* end confdefs.h.  */
| #include <stddef.h>
| #ifdef HAVE_STDIO_H
| # include <stdio.h>
| #endif
| #ifdef HAVE_STDLIB_H
| # include <stdlib.h>
| #endif
| #ifdef HAVE_STRING_H
| # include <string.h>
| #endif
| #ifdef HAVE_INTTYPES_H
| # include <inttypes.h>
| #endif
| #ifdef HAVE_STDINT_H
| # include <stdint.h>
| #endif
| #ifdef HAVE_STRINGS_H
| # include <strings.h>
| #endif
| #ifdef HAVE_SYS_TYPES_H
| # include <sys/types.h>
| #endif
| #ifdef HAVE_SYS_STAT_H
| # include <sys/stat.h>
| #endif
| #ifdef HAVE_UNISTD_H
| # include <unistd.h>
| #endif
| int
| main (void)
| {
| #ifndef __SUNPRO_CC
| #ifdef __cplusplus
|   (void) __SUNPRO_CC;
| #else
|   (void) __SUNPRO_CC;
| #endif
| #endif
| 
|   ;
|   return 0;
| }
configure:8763: result: no
configure:8946: checking how to print strings
configure:8973: result: printf
configure:8994: checking for a sed that does not truncate output
configure:9064: result: /usr/bin/sed
configure:9082: checking for grep that handles long lines and -e
configure:9146: result: /usr/bin/grep
configure:9151: checking for egrep
configure:9219: result: /usr/bin/grep -E
configure:9224: checking for fgrep
configure:9292: result: /usr/bin/grep -F
configure:9328: checking for ld used by gcc
configure:9396: result: /usr/bin/ld
configure:9403: checking if the linker (/usr/bin/ld) is GNU ld
configure:9419: result: yes
configure:9431: checking for BSD- or MS-compatible name lister (nm)
configure:9486: result: /usr/bin/nm -B
configure:9626: checking the name lister (/usr/bin/nm -B) interface
configure:9634: g++ -c  -g -std=c++11 -DNDEBUG  conftest.cpp >&5
configure:9637: /usr/bin/nm -B "conftest.o"
configure:9640: output
0000000000000000 B some_variable
configure:9641: result: BSD nm
configure:9644: checking whether ln -s works
configure:9648: result: yes
configure:9656: checking the maximum length of command line arguments
configure:9788: result: 1572864
configure:9836: checking how to convert x86_64-pc-linux-gnu file names to x86_64-pc-linux-gnu format
configure:9877: result: func_convert_file_noop
configure:9884: checking how to convert x86_64-pc-linux-gnu file names to toolchain format
configure:9905: result: func_convert_file_noop
configure:9912: checking for /usr/bin/ld option to reload object files
configure:9920: result: -r
configure:9999: checking for objdump
configure:10020: found /usr/bin/objdump
configure:10031: result: objdump
configure:10063: checking how to recognize dependent libraries
configure:10264: result: pass_all
configure:10354: checking for dlltool
configure:10389: result: no
configure:10419: checking how to associate runtime and link libraries
configure:10447: result: printf %s\n
configure:10581: checking for archiver @FILE support
configure:10599: g++ -c  -g -std=c++11 -DNDEBUG  conftest.cpp >&5
configure:10599: $? = 0
configure:10603: ar cr libconftest.a @conftest.lst >&5
configure:10606: $? = 0
configure:10611: ar cr libconftest.a @conftest.lst >&5
ar: conftest.o: No such file or directory
configure:10614: $? = 1
configure:10613: result: @
configure:10676: checking for strip
configure:10697: found /usr/bin/strip
configure:10708: result: strip
configure:10785: checking for ranlib
configure:10806: found /usr/bin/ranlib
configure:10817: result: ranlib
configure:10919: checking command to parse /usr/bin/nm -B output from gcc object
configure:11073: g++ -c  -g -std=c++11 -DNDEBUG  conftest.cpp >&5
configure:11076: $? = 0
configure:11080: /usr/bin/nm -B conftest.o | sed -n -e 's/^.*[	 ]\([ABCDGIRSTW][ABCDGIRSTW]*\)[	 ][	 ]*\([_A-Za-z][_A-Za-z0-9]*\)$/\1 \2 \2/p' | sed '/ __gnu_lto/d' > conftest.nm
configure:11146: g++ -o conftest  -g -std=c++11 -DNDEBUG   conftest.cpp conftstm.o >&5
configure:11149: $? = 0
configure:11187: result: ok
configure:11234: checking for sysroot
configure:11265: result: no
configure:11272: checking for a working dd
configure:11316: result: /usr/bin/dd
configure:11320: checking how to truncate binary pipes
configure:11336: result: /usr/bin/dd bs=4096 count=1
configure:11473: g++ -c  -g -std=c++11 -DNDEBUG  conftest.cpp >&5
configure:11476: $? = 0
configure:11673: checking for mt
configure:11694: found /usr/bin/mt
configure:11705: result: mt
configure:11728: checking if mt is a manifest tool
configure:11735: mt '-?'
configure:11743: result: no
configure:12469: checking for dlfcn.h
configure:12469: g++ -c  -g -std=c++11 -DNDEBUG  conftest.cpp >&5
configure:12469: $? = 0
configure:12469: result: yes
configure:12738: checking for objdir
configure:12754: result: .libs
configure:13018: checking if gcc supports -fno-rtti -fno-exceptions
configure:13037: gcc -c   -fno-rtti -fno-exceptions conftest.c >&5
cc1: warning: command line option '-fno-rtti' is valid for C++/D/ObjC++ but not for C
configure:13041: $? = 0
configure:13054: result: no
configure:13418: checking for gcc option to produce PIC
configure:13426: result: -fPIC -DPIC
configure:13434: checking if gcc PIC flag -fPIC -DPIC works
configure:13453: gcc -c   -fPIC -DPIC -DPIC conftest.c >&5
configure:13457: $? = 0
configure:13470: result: yes
configure:13499: checking if gcc static flag -static works
configure:13528: result: yes
configure:13543: checking if gcc supports -c -o file.o
configure:13565: gcc -c   -o out/conftest2.o conftest.c >&5
configure:13569: $? = 0
configure:13591: result: yes
configure:13599: checking if gcc supports -c -o file.o
configure:13647: result: yes
configure:13680: checking whether the gcc linker (/usr/bin/ld -m elf_x86_64) supports shared libraries
configure:14950: result: yes
configure:14987: checking whether -lc should be explicitly linked in
configure:14996: gcc -c   conftest.c >&5
configure:14999: $? = 0
configure:15014: gcc -shared  -fPIC -DPIC conftest.o  -v -Wl,-soname -Wl,conftest -o conftest 2\>\&1 \| /usr/bin/grep  -lc  \>/dev/null 2\>\&1
configure:15017: $? = 0
configure:15031: result: no
configure:15191: checking dynamic linker characteristics
configure:15773: gcc -o conftest    -Wl,-rpath -Wl,/foo conftest.c  >&5
configure:15773: $? = 0
configure:16024: result: GNU/Linux ld.so
configure:16146: checking how to hardcode library paths into programs
configure:16171: result: immediate
configure:16723: checking whether stripping libraries is possible
configure:16728: result: yes
configure:16763: checking if libtool supports shared libraries
configure:16765: result: yes
configure:16768: checking whether to build shared libraries
configure:16793: result: yes
configure:16796: checking whether to build static libraries
configure:16800: result: yes
configure:13583: checking how to run the C++ preprocessor
configure:13647: result: g++ -E
configure:13661: g++ -E  conftest.cpp
configure:13661: $? = 0
configure:13676: g++ -E  conftest.cpp
conftest.cpp:40:10: fatal error: ac_nonexistent.h: No such file or directory
   40 | #include <ac_nonexistent.h>
      |          ^~~~~~~~~~~~~~~~~~
compilation terminated.
configure:13676: $? = 1
configure: failed program was:
| /* confdefs.h */
| #define PACKAGE_NAME "Protocol Buffers"
| #define PACKAGE_TARNAME "protobuf"
| #define PACKAGE_VERSION "3.20.0"
| #define PACKAGE_STRING "Protocol Buffers 3.20.0"
| #define PACKAGE_BUGREPORT "protobuf@googlegroups.com"
| #define PACKAGE_URL ""
| #define PACKAGE "protobuf"
| #define VERSION "3.20.0"
| #define HAVE_STDIO_H 1
| #define HAVE_STDLIB_H 1
| #define HAVE_STRING_H 1
| #define HAVE_INTTYPES_H 1
| #define HAVE_STDINT_H 1
| #define HAVE_STRINGS_H 1
| #define HAVE_SYS_STAT_H 1
| #define HAVE_SYS_TYPES_H 1
| #define HAVE_UNISTD_H 1
| #define HAVE_WCHAR_H 1
| #define STDC_HEADERS 1
| #define _ALL_SOURCE 1
| #define _DARWIN_C_SOURCE 1
| #define _GNU_SOURCE 1
| #define _HPUX_ALT_XOPEN_SOCKET_API 1
| #define _NETBSD_SOURCE 1
| #define _OPENBSD_SOURCE 1
| #define _POSIX_PTHREAD_SEMANTICS 1
| #define __STDC_WANT_IEC_60559_ATTRIBS_EXT__ 1
| #define __STDC_WANT_IEC_60559_BFP_EXT__ 1
| #define __STDC_WANT_IEC_60559_DFP_EXT__ 1
| #define __STDC_WANT_IEC_60559_FUNCS_EXT__ 1
| #define __STDC_WANT_IEC_60559_TYPES_EXT__ 1
| #define __STDC_WANT_LIB_EXT2__ 1
| #define __STDC_WANT_MATH_SPEC_FUNCS__ 1
| #define _TANDEM_SOURCE 1
| #define __EXTENSIONS__ 1
| #define HAVE_DLFCN_H 1
| #define LT_OBJDIR ".libs/"
| /* end confdefs.h.  */
| #include <ac_nonexistent.h>
configure:13841: checking for ld used by g++
configure:13909: result: /usr/bin/ld -m elf_x86_64
configure:13916: checking if the linker (/usr/bin/ld -m elf_x86_64) is GNU ld
configure:13932: result: yes
configure:13987: checking whether the g++ linker (/usr/bin/ld -m elf_x86_64) supports shared libraries
configure:15064: result: yes
configure:15100: g++ -c  -g -std=c++11 -DNDEBUG  conftest.cpp >&5
configure:15103: $? = 0
configure:15584: checking for g++ option to produce PIC
configure:15592: result: -fPIC -DPIC
configure:15600: checking if g++ PIC flag -fPIC -DPIC works
configure:15619: g++ -c  -g -std=c++11 -DNDEBUG  -fPIC -DPIC -DPIC conftest.cpp >&5
configure:15623: $? = 0
configure:15636: result: yes
configure:15659: checking if g++ static flag -static works
configure:15688: result: yes
configure:15700: checking if g++ supports -c -o file.o
configure:15722: g++ -c  -g -std=c++11 -DNDEBUG  -o out/conftest2.o conftest.cpp >&5
configure:15726: $? = 0
configure:15748: result: yes
configure:15753: checking if g++ supports -c -o file.o
configure:15801: result: yes
configure:15831: checking whether the g++ linker (/usr/bin/ld -m elf_x86_64) supports shared libraries
configure:15874: result: yes
configure:16016: checking dynamic linker characteristics
configure:16776: result: GNU/Linux ld.so
configure:16841: checking how to hardcode library paths into programs
configure:16866: result: immediate
configure:15755: checking whether the linker supports version scripts
configure:15771: g++ -o conftest  -g -std=c++11 -DNDEBUG   -Wl,--version-script=conftest.map conftest.cpp  >&5
configure:15771: $? = 0
configure:15773: result: yes
configure:15795: checking for egrep
configure:15863: result: /usr/bin/grep -E
configure:15869: checking for fcntl.h
configure:15869: g++ -c  -g -std=c++11 -DNDEBUG  conftest.cpp >&5
configure:15869: $? = 0
configure:15869: result: yes
configure:15875: checking for inttypes.h
configure:15875: result: yes
configure:15881: checking for limits.h
configure:15881: g++ -c  -g -std=c++11 -DNDEBUG  conftest.cpp >&5
configure:15881: $? = 0
configure:15881: result: yes
configure:15887: checking for stdlib.h
configure:15887: result: yes
configure:15893: checking for unistd.h
configure:15893: result: yes
configure:15902: checking for working memcmp
configure:15947: g++ -o conftest  -g -std=c++11 -DNDEBUG   conftest.cpp  >&5
configure:15947: $? = 0
configure:15947: ./conftest
configure:15947: $? = 0
configure:15958: result: yes
configure:15967: checking for working strtod
configure:16010: g++ -o conftest  -g -std=c++11 -DNDEBUG   conftest.cpp  >&5
conftest.cpp: In function 'int main()':
conftest.cpp:82:20: warning: ISO C++ forbids converting a string constant to 'char*' [-Wwrite-strings]
   82 |     char *string = " +69";
      |                    ^~~~~~
conftest.cpp:93:20: warning: ISO C++ forbids converting a string constant to 'char*' [-Wwrite-strings]
   93 |     char *string = "NaN";
      |                    ^~~~~
configure:16010: $? = 0
configure:16010: ./conftest
configure:16010: $? = 0
configure:16021: result: yes
configure:16083: checking for ftruncate
configure:16083: g++ -o conftest  -g -std=c++11 -DNDEBUG   conftest.cpp  >&5
configure:16083: $? = 0
configure:16083: result: yes
configure:16089: checking for memset
configure:16089: g++ -o conftest  -g -std=c++11 -DNDEBUG   conftest.cpp  >&5
conftest.cpp:62:6: warning: declaration of 'char memset()' conflicts with built-in declaration 'void* memset(void*, int, long unsigned int)' [-Wbuiltin-declaration-mismatch]
   62 | char memset ();
      |      ^~~~~~
configure:16089: $? = 0
configure:16089: result: yes
configure:16095: checking for mkdir
configure:16095: g++ -o conftest  -g -std=c++11 -DNDEBUG   conftest.cpp  >&5
configure:16095: $? = 0
configure:16095: result: yes
configure:16101: checking for strchr
configure:16101: g++ -o conftest  -g -std=c++11 -DNDEBUG   conftest.cpp  >&5
conftest.cpp:64:6: warning: declaration of 'char strchr()' conflicts with built-in declaration 'char* strchr(const char*, int)' [-Wbuiltin-declaration-mismatch]
   64 | char strchr ();
      |      ^~~~~~
configure:16101: $? = 0
configure:16101: result: yes
configure:16107: checking for strerror
configure:16107: g++ -o conftest  -g -std=c++11 -DNDEBUG   conftest.cpp  >&5
configure:16107: $? = 0
configure:16107: result: yes
configure:16113: checking for strtol
configure:16113: g++ -o conftest  -g -std=c++11 -DNDEBUG   conftest.cpp  >&5
configure:16113: $? = 0
configure:16113: result: yes
configure:16126: checking zlib version
configure:16146: g++ -c  -g -std=c++11 -DNDEBUG  conftest.cpp >&5
configure:16146: $? = 0
configure:16149: result: ok (1.2.0.4 or later)
configure:16153: checking for library containing zlibVersion
configure:16182: g++ -o conftest  -g -std=c++11 -DNDEBUG   conftest.cpp  >&5
/usr/bin/ld: /tmp/ccD1wLyZ.o: in function `main':
/home/tl330/final/miniUPS/installed/conftest.cpp:58: undefined reference to `zlibVersion'
collect2: error: ld returned 1 exit status
configure:16182: $? = 1
configure: failed program was:
| /* confdefs.h */
| #define PACKAGE_NAME "Protocol Buffers"
| #define PACKAGE_TARNAME "protobuf"
| #define PACKAGE_VERSION "3.20.0"
| #define PACKAGE_STRING "Protocol Buffers 3.20.0"
| #define PACKAGE_BUGREPORT "protobuf@googlegroups.com"
| #define PACKAGE_URL ""
| #define PACKAGE "protobuf"
| #define VERSION "3.20.0"
| #define HAVE_STDIO_H 1
| #define HAVE_STDLIB_H 1
| #define HAVE_STRING_H 1
| #define HAVE_INTTYPES_H 1
| #define HAVE_STDINT_H 1
| #define HAVE_STRINGS_H 1
| #define HAVE_SYS_STAT_H 1
| #define HAVE_SYS_TYPES_H 1
| #define HAVE_UNISTD_H 1
| #define HAVE_WCHAR_H 1
| #define STDC_HEADERS 1
| #define _ALL_SOURCE 1
| #define _DARWIN_C_SOURCE 1
| #define _GNU_SOURCE 1
| #define _HPUX_ALT_XOPEN_SOCKET_API 1
| #define _NETBSD_SOURCE 1
| #define _OPENBSD_SOURCE 1
| #define _POSIX_PTHREAD_SEMANTICS 1
| #define __STDC_WANT_IEC_60559_ATTRIBS_EXT__ 1
| #define __STDC_WANT_IEC_60559_BFP_EXT__ 1
| #define __STDC_WANT_IEC_60559_DFP_EXT__ 1
| #define __STDC_WANT_IEC_60559_FUNCS_EXT__ 1
| #define __STDC_WANT_IEC_60559_TYPES_EXT__ 1
| #define __STDC_WANT_LIB_EXT2__ 1
| #define __STDC_WANT_MATH_SPEC_FUNCS__ 1
| #define _TANDEM_SOURCE 1
| #define __EXTENSIONS__ 1
| #define HAVE_DLFCN_H 1
| #define LT_OBJDIR ".libs/"
| #define HAVE_FCNTL_H 1
| #define HAVE_INTTYPES_H 1
| #define HAVE_LIMITS_H 1
| #define HAVE_STDLIB_H 1
| #define HAVE_UNISTD_H 1
| #define HAVE_FTRUNCATE 1
| #define HAVE_MEMSET 1
| #define HAVE_MKDIR 1
| #define HAVE_STRCHR 1
| #define HAVE_STRERROR 1
| #define HAVE_STRTOL 1
| /* end confdefs.h.  */
| 
| namespace conftest {
|   extern "C" int zlibVersion ();
| }
| int
| main (void)
| {
| return conftest::zlibVersion ();
|   ;
|   return 0;
| }
configure:16182: g++ -o conftest  -g -std=c++11 -DNDEBUG   conftest.cpp -lz   >&5
configure:16182: $? = 0
configure:16202: result: -lz
configure:16268: checking whether g++ supports C++11 features by default
configure:16582: g++ -c  -g -std=c++11 -DNDEBUG  conftest.cpp >&5
configure:16582: $? = 0
configure:16590: result: yes
configure:16969: checking whether -latomic is needed
configure:16982: g++ -o conftest  -g -std=c++11 -DNDEBUG   conftest.cpp -lz  >&5
configure:16982: $? = 0
configure:16990: result: no
configure:17189: checking whether gcc is Clang
configure:17216: result: no
configure:17281: checking whether pthreads work with "-pthread" and "-lpthread"
configure:17392: gcc -o conftest  -pthread   conftest.c -lpthread -lz  >&5
configure:17392: $? = 0
configure:17402: result: yes
configure:17525: checking for joinable pthread attribute
configure:17544: gcc -o conftest  -pthread   conftest.c -lpthread -lz  >&5
configure:17544: $? = 0
configure:17553: result: PTHREAD_CREATE_JOINABLE
configure:17566: checking whether more special flags are required for pthreads
configure:17580: result: no
configure:17589: checking for PTHREAD_PRIO_INHERIT
configure:17607: gcc -o conftest  -pthread   conftest.c -lpthread -lz  >&5
configure:17607: $? = 0
configure:17617: result: yes
configure:17736: checking the location of hash_map
configure:17762: g++ -c  -g -std=c++11 -DNDEBUG  conftest.cpp >&5
configure:17762: $? = 0
configure:17785: g++ -c  -g -std=c++11 -DNDEBUG  conftest.cpp >&5
configure:17785: $? = 0
configure:17844: result: <unordered_map>
configure:17870: checking whether -llog is needed
configure:17878: result: no
configure:18002: checking that generated files are newer than configure
configure:18008: result: done
configure:18075: creating ./config.status

## ---------------------- ##
## Running config.status. ##
## ---------------------- ##

This file was extended by Protocol Buffers config.status 3.20.0, which was
generated by GNU Autoconf 2.71.  Invocation command line was

  CONFIG_FILES    = 
  CONFIG_HEADERS  = 
  CONFIG_LINKS    = 
  CONFIG_COMMANDS = 
  $ ./config.status 

on vcm-33209.vm.duke.edu

config.status:1234: creating Makefile
config.status:1234: creating src/Makefile
config.status:1234: creating benchmarks/Makefile
config.status:1234: creating conformance/Makefile
config.status:1234: creating protobuf.pc
config.status:1234: creating protobuf-lite.pc
config.status:1234: creating config.h
config.status:1463: executing depfiles commands
config.status:1540: cd src       && sed -e '/# am--include-marker/d' Makefile         | make -f - am--depfiles
config.status:1545: $? = 0
config.status:1540: cd benchmarks       && sed -e '/# am--include-marker/d' Makefile         | make -f - am--depfiles
config.status:1545: $? = 0
config.status:1540: cd conformance       && sed -e '/# am--include-marker/d' Makefile         | make -f - am--depfiles
config.status:1545: $? = 0
config.status:1463: executing libtool commands
configure:20552: === configuring in third_party/googletest (/home/tl330/final/miniUPS/installed/third_party/googletest)
configure:20613: running /bin/bash ./configure --disable-option-checking '--prefix=/usr/local'  --cache-file=/dev/null --srcdir=.

## ---------------- ##
## Cache variables. ##
## ---------------- ##

ac_cv_build=x86_64-pc-linux-gnu
ac_cv_build_prog_CPP='gcc -E'
ac_cv_build_prog_CXXCPP='g++ -E'
ac_cv_build_prog_cc_g=yes
ac_cv_build_prog_cxx_g=yes
ac_cv_c_compiler_gnu=yes
ac_cv_cxx_compiler_gnu=yes
ac_cv_cxx_hash_map='<unordered_map>'
ac_cv_cxx_hash_map_class=unordered_map
ac_cv_cxx_hash_namespace=std
ac_cv_cxx_hash_set='<unordered_set>'
ac_cv_cxx_hash_set_class=unordered_set
ac_cv_cxx_undeclared_builtin_options='none needed'
ac_cv_env_CCC_set=
ac_cv_env_CCC_value=
ac_cv_env_CC_set=
ac_cv_env_CC_value=
ac_cv_env_CFLAGS_set=
ac_cv_env_CFLAGS_value=
ac_cv_env_CPPFLAGS_set=
ac_cv_env_CPPFLAGS_value=
ac_cv_env_CPP_set=
ac_cv_env_CPP_value=
ac_cv_env_CXXCPP_set=
ac_cv_env_CXXCPP_value=
ac_cv_env_CXXFLAGS_set=
ac_cv_env_CXXFLAGS_value=
ac_cv_env_CXX_set=
ac_cv_env_CXX_value=
ac_cv_env_DIST_LANG_set=
ac_cv_env_DIST_LANG_value=
ac_cv_env_LDFLAGS_set=
ac_cv_env_LDFLAGS_value=
ac_cv_env_LIBS_set=
ac_cv_env_LIBS_value=
ac_cv_env_LT_SYS_LIBRARY_PATH_set=
ac_cv_env_LT_SYS_LIBRARY_PATH_value=
ac_cv_env_OBJCFLAGS_set=
ac_cv_env_OBJCFLAGS_value=
ac_cv_env_OBJC_set=
ac_cv_env_OBJC_value=
ac_cv_env_build_alias_set=
ac_cv_env_build_alias_value=
ac_cv_env_host_alias_set=
ac_cv_env_host_alias_value=
ac_cv_env_target_alias_set=
ac_cv_env_target_alias_value=
ac_cv_func_ftruncate=yes
ac_cv_func_memcmp_working=yes
ac_cv_func_memset=yes
ac_cv_func_mkdir=yes
ac_cv_func_strchr=yes
ac_cv_func_strerror=yes
ac_cv_func_strtod=yes
ac_cv_func_strtol=yes
ac_cv_have_decl___SUNPRO_CC=no
ac_cv_header_dlfcn_h=yes
ac_cv_header_fcntl_h=yes
ac_cv_header_inttypes_h=yes
ac_cv_header_limits_h=yes
ac_cv_header_minix_config_h=no
ac_cv_header_stdint_h=yes
ac_cv_header_stdio_h=yes
ac_cv_header_stdlib_h=yes
ac_cv_header_string_h=yes
ac_cv_header_strings_h=yes
ac_cv_header_sys_stat_h=yes
ac_cv_header_sys_types_h=yes
ac_cv_header_unistd_h=yes
ac_cv_header_wchar_h=yes
ac_cv_host=x86_64-pc-linux-gnu
ac_cv_objext=o
ac_cv_path_EGREP='/usr/bin/grep -E'
ac_cv_path_FGREP='/usr/bin/grep -F'
ac_cv_path_GREP=/usr/bin/grep
ac_cv_path_SED=/usr/bin/sed
ac_cv_path_install='/usr/bin/install -c'
ac_cv_path_lt_DD=/usr/bin/dd
ac_cv_path_mkdir=/usr/bin/mkdir
ac_cv_prog_AWK=mawk
ac_cv_prog_CPP='gcc -E'
ac_cv_prog_CXXCPP='g++ -E'
ac_cv_prog_ac_ct_AR=ar
ac_cv_prog_ac_ct_CC=gcc
ac_cv_prog_ac_ct_CC_FOR_BUILD=gcc
ac_cv_prog_ac_ct_CXX=g++
ac_cv_prog_ac_ct_CXX_FOR_BUILD=g++
ac_cv_prog_ac_ct_MANIFEST_TOOL=mt
ac_cv_prog_ac_ct_OBJDUMP=objdump
ac_cv_prog_ac_ct_RANLIB=ranlib
ac_cv_prog_ac_ct_STRIP=strip
ac_cv_prog_cc_c11=
ac_cv_prog_cc_g=yes
ac_cv_prog_cc_stdc=
ac_cv_prog_cxx_11=no
ac_cv_prog_cxx_cxx11=
ac_cv_prog_cxx_g=yes
ac_cv_prog_cxx_stdcxx=
ac_cv_prog_make_make_set=yes
ac_cv_safe_to_define___extensions__=yes
ac_cv_search_zlibVersion=-lz
ac_cv_should_define__xopen_source=no
ac_cv_target=x86_64-pc-linux-gnu
am_cv_CC_dependencies_compiler_type=gcc3
am_cv_CXX_dependencies_compiler_type=gcc3
am_cv_ar_interface=ar
am_cv_make_support_nested_variables=yes
am_cv_prog_cc_c_o=yes
am_cv_prog_tar_ustar=gnutar
ax_cv_PTHREAD_CLANG=no
ax_cv_PTHREAD_JOINABLE_ATTR=PTHREAD_CREATE_JOINABLE
ax_cv_PTHREAD_PRIO_INHERIT=yes
ax_cv_PTHREAD_SPECIAL_FLAGS=no
ax_cv_cxx_compile_cxx11=yes
lt_cv_ar_at_file=@
lt_cv_archive_cmds_need_lc=no
lt_cv_deplibs_check_method=pass_all
lt_cv_file_magic_cmd='$MAGIC_CMD'
lt_cv_file_magic_test_file=
lt_cv_ld_reload_flag=-r
lt_cv_nm_interface='BSD nm'
lt_cv_objdir=.libs
lt_cv_path_LD=/usr/bin/ld
lt_cv_path_LDCXX='/usr/bin/ld -m elf_x86_64'
lt_cv_path_NM='/usr/bin/nm -B'
lt_cv_path_mainfest_tool=no
lt_cv_prog_compiler_c_o=yes
lt_cv_prog_compiler_c_o_CXX=yes
lt_cv_prog_compiler_pic='-fPIC -DPIC'
lt_cv_prog_compiler_pic_CXX='-fPIC -DPIC'
lt_cv_prog_compiler_pic_works=yes
lt_cv_prog_compiler_pic_works_CXX=yes
lt_cv_prog_compiler_rtti_exceptions=no
lt_cv_prog_compiler_static_works=yes
lt_cv_prog_compiler_static_works_CXX=yes
lt_cv_prog_gnu_ld=yes
lt_cv_prog_gnu_ldcxx=yes
lt_cv_sharedlib_from_linklib_cmd='printf %s\n'
lt_cv_shlibpath_overrides_runpath=yes
lt_cv_sys_global_symbol_pipe='sed -n -e '\''s/^.*[	 ]\([ABCDGIRSTW][ABCDGIRSTW]*\)[	 ][	 ]*\([_A-Za-z][_A-Za-z0-9]*\)$/\1 \2 \2/p'\'' | sed '\''/ __gnu_lto/d'\'''
lt_cv_sys_global_symbol_to_c_name_address='sed -n -e '\''s/^: \(.*\) .*$/  {"\1", (void *) 0},/p'\'' -e '\''s/^[ABCDGIRSTW][ABCDGIRSTW]* .* \(.*\)$/  {"\1", (void *) \&\1},/p'\'''
lt_cv_sys_global_symbol_to_c_name_address_lib_prefix='sed -n -e '\''s/^: \(.*\) .*$/  {"\1", (void *) 0},/p'\'' -e '\''s/^[ABCDGIRSTW][ABCDGIRSTW]* .* \(lib.*\)$/  {"\1", (void *) \&\1},/p'\'' -e '\''s/^[ABCDGIRSTW][ABCDGIRSTW]* .* \(.*\)$/  {"lib\1", (void *) \&\1},/p'\'''
lt_cv_sys_global_symbol_to_cdecl='sed -n -e '\''s/^T .* \(.*\)$/extern int \1();/p'\'' -e '\''s/^[ABCDGIRSTW][ABCDGIRSTW]* .* \(.*\)$/extern char \1;/p'\'''
lt_cv_sys_global_symbol_to_import=
lt_cv_sys_max_cmd_len=1572864
lt_cv_to_host_file_cmd=func_convert_file_noop
lt_cv_to_tool_file_cmd=func_convert_file_noop
lt_cv_truncate_bin='/usr/bin/dd bs=4096 count=1'

## ----------------- ##
## Output variables. ##
## ----------------- ##

ACLOCAL='${SHELL} '\''/home/tl330/final/miniUPS/installed/missing'\'' aclocal-1.16'
AMDEPBACKSLASH='\'
AMDEP_FALSE='#'
AMDEP_TRUE=''
AMTAR='$${TAR-tar}'
AM_BACKSLASH='\'
AM_DEFAULT_V='$(AM_DEFAULT_VERBOSITY)'
AM_DEFAULT_VERBOSITY='0'
AM_V='$(V)'
AR='ar'
AUTOCONF='${SHELL} '\''/home/tl330/final/miniUPS/installed/missing'\'' autoconf'
AUTOHEADER='${SHELL} '\''/home/tl330/final/miniUPS/installed/missing'\'' autoheader'
AUTOMAKE='${SHELL} '\''/home/tl330/final/miniUPS/installed/missing'\'' automake-1.16'
AWK='mawk'
BUILD_EXEEXT=''
BUILD_OBJEXT=''
CC='gcc'
CCDEPMODE='depmode=gcc3'
CC_FOR_BUILD='gcc'
CFLAGS=''
CFLAGS_FOR_BUILD='-g -O2'
CPP='gcc -E'
CPPFLAGS=''
CPPFLAGS_FOR_BUILD=''
CPP_FOR_BUILD='gcc -E'
CSCOPE='cscope'
CTAGS='ctags'
CXX='g++'
CXXCPP='g++ -E'
CXXCPPFLAGS_FOR_BUILD=''
CXXCPP_FOR_BUILD='g++ -E'
CXXDEPMODE='depmode=gcc3'
CXXFLAGS=' -g -std=c++11 -DNDEBUG'
CXXFLAGS_FOR_BUILD='-g -O2'
CXX_FOR_BUILD='g++'
CYGPATH_W='echo'
DEFS='-DHAVE_CONFIG_H'
DEPDIR='.deps'
DIST_LANG='all'
DLLTOOL='false'
DSYMUTIL=''
DUMPBIN=''
ECHO_C=''
ECHO_N='-n'
ECHO_T=''
EGREP='/usr/bin/grep -E'
ETAGS='etags'
EXEEXT=''
FGREP='/usr/bin/grep -F'
GCC_FALSE='#'
GCC_TRUE=''
GREP='/usr/bin/grep'
HAVE_CXX11='1'
HAVE_LD_VERSION_SCRIPT_FALSE='#'
HAVE_LD_VERSION_SCRIPT_TRUE=''
HAVE_PTHREAD_FALSE='#'
HAVE_PTHREAD_TRUE=''
HAVE_ZLIB_FALSE='#'
HAVE_ZLIB_TRUE=''
INSTALL_DATA='${INSTALL} -m 644'
INSTALL_PROGRAM='${INSTALL}'
INSTALL_SCRIPT='${INSTALL}'
INSTALL_STRIP_PROGRAM='$(install_sh) -c -s'
ISAINFO=''
LD='/usr/bin/ld -m elf_x86_64'
LDFLAGS=''
LDFLAGS_FOR_BUILD=''
LIBATOMIC_LIBS=''
LIBLOG_LIBS=''
LIBOBJS=''
LIBS='-lz '
LIBTOOL='$(SHELL) $(top_builddir)/libtool'
LIPO=''
LN_S='ln -s'
LTLIBOBJS=''
LT_SYS_LIBRARY_PATH=''
MAINT=''
MAINTAINER_MODE_FALSE='#'
MAINTAINER_MODE_TRUE=''
MAKEINFO='${SHELL} '\''/home/tl330/final/miniUPS/installed/missing'\'' makeinfo'
MANIFEST_TOOL=':'
MKDIR_P='/usr/bin/mkdir -p'
NM='/usr/bin/nm -B'
NMEDIT=''
OBJC=''
OBJCDEPMODE=''
OBJCFLAGS=''
OBJC_CONFORMANCE_TEST_FALSE=''
OBJC_CONFORMANCE_TEST_TRUE='#'
OBJDUMP='objdump'
OBJEXT='o'
OTOOL64=''
OTOOL=''
PACKAGE='protobuf'
PACKAGE_BUGREPORT='protobuf@googlegroups.com'
PACKAGE_NAME='Protocol Buffers'
PACKAGE_STRING='Protocol Buffers 3.20.0'
PACKAGE_TARNAME='protobuf'
PACKAGE_URL=''
PACKAGE_VERSION='3.20.0'
PATH_SEPARATOR=':'
POW_LIB=''
PROTOBUF_OPT_FLAG='-O2'
PROTOC=''
PTHREAD_CC='gcc'
PTHREAD_CFLAGS='-pthread'
PTHREAD_LIBS='-lpthread'
RANLIB='ranlib'
SED='/usr/bin/sed'
SET_MAKE=''
SHELL='/bin/bash'
STRIP='strip'
USE_EXTERNAL_PROTOC_FALSE=''
USE_EXTERNAL_PROTOC_TRUE='#'
VERSION='3.20.0'
ac_ct_AR='ar'
ac_ct_CC='gcc'
ac_ct_CC_FOR_BUILD='gcc'
ac_ct_CXX='g++'
ac_ct_CXX_FOR_BUILD='g++'
ac_ct_DUMPBIN=''
ac_ct_OBJC=''
am__EXEEXT_FALSE=''
am__EXEEXT_TRUE='#'
am__fastdepCC_FALSE='#'
am__fastdepCC_TRUE=''
am__fastdepCXX_FALSE='#'
am__fastdepCXX_TRUE=''
am__fastdepOBJC_FALSE=''
am__fastdepOBJC_TRUE='#'
am__include='include'
am__isrc=''
am__leading_dot='.'
am__nodep='_no'
am__quote=''
am__tar='tar --format=ustar -chf - "$$tardir"'
am__untar='tar -xf -'
ax_pthread_config=''
bindir='${exec_prefix}/bin'
build='x86_64-pc-linux-gnu'
build_alias=''
build_cpu='x86_64'
build_os='linux-gnu'
build_vendor='pc'
datadir='${datarootdir}'
datarootdir='${prefix}/share'
docdir='${datarootdir}/doc/${PACKAGE_TARNAME}'
dvidir='${docdir}'
exec_prefix='${prefix}'
host='x86_64-pc-linux-gnu'
host_alias=''
host_cpu='x86_64'
host_os='linux-gnu'
host_vendor='pc'
htmldir='${docdir}'
includedir='${prefix}/include'
infodir='${datarootdir}/info'
install_sh='${SHELL} /home/tl330/final/miniUPS/installed/install-sh'
libdir='${exec_prefix}/lib'
libexecdir='${exec_prefix}/libexec'
localedir='${datarootdir}/locale'
localstatedir='${prefix}/var'
mandir='${datarootdir}/man'
mkdir_p='$(MKDIR_P)'
oldincludedir='/usr/include'
pdfdir='${docdir}'
prefix='/usr/local'
program_transform_name='s,x,x,'
psdir='${docdir}'
runstatedir='${localstatedir}/run'
sbindir='${exec_prefix}/sbin'
sharedstatedir='${prefix}/com'
subdirs=' third_party/googletest'
sysconfdir='${prefix}/etc'
target='x86_64-pc-linux-gnu'
target_alias=''
target_cpu='x86_64'
target_os='linux-gnu'
target_vendor='pc'

## ----------- ##
## confdefs.h. ##
## ----------- ##

/* confdefs.h */
#define PACKAGE_NAME "Protocol Buffers"
#define PACKAGE_TARNAME "protobuf"
#define PACKAGE_VERSION "3.20.0"
#define PACKAGE_STRING "Protocol Buffers 3.20.0"
#define PACKAGE_BUGREPORT "protobuf@googlegroups.com"
#define PACKAGE_URL ""
#define PACKAGE "protobuf"
#define VERSION "3.20.0"
#define HAVE_STDIO_H 1
#define HAVE_STDLIB_H 1
#define HAVE_STRING_H 1
#define HAVE_INTTYPES_H 1
#define HAVE_STDINT_H 1
#define HAVE_STRINGS_H 1
#define HAVE_SYS_STAT_H 1
#define HAVE_SYS_TYPES_H 1
#define HAVE_UNISTD_H 1
#define HAVE_WCHAR_H 1
#define STDC_HEADERS 1
#define _ALL_SOURCE 1
#define _DARWIN_C_SOURCE 1
#define _GNU_SOURCE 1
#define _HPUX_ALT_XOPEN_SOCKET_API 1
#define _NETBSD_SOURCE 1
#define _OPENBSD_SOURCE 1
#define _POSIX_PTHREAD_SEMANTICS 1
#define __STDC_WANT_IEC_60559_ATTRIBS_EXT__ 1
#define __STDC_WANT_IEC_60559_BFP_EXT__ 1
#define __STDC_WANT_IEC_60559_DFP_EXT__ 1
#define __STDC_WANT_IEC_60559_FUNCS_EXT__ 1
#define __STDC_WANT_IEC_60559_TYPES_EXT__ 1
#define __STDC_WANT_LIB_EXT2__ 1
#define __STDC_WANT_MATH_SPEC_FUNCS__ 1
#define _TANDEM_SOURCE 1
#define __EXTENSIONS__ 1
#define HAVE_DLFCN_H 1
#define LT_OBJDIR ".libs/"
#define HAVE_FCNTL_H 1
#define HAVE_INTTYPES_H 1
#define HAVE_LIMITS_H 1
#define HAVE_STDLIB_H 1
#define HAVE_UNISTD_H 1
#define HAVE_FTRUNCATE 1
#define HAVE_MEMSET 1
#define HAVE_MKDIR 1
#define HAVE_STRCHR 1
#define HAVE_STRERROR 1
#define HAVE_STRTOL 1
#define HAVE_ZLIB 1
#define HAVE_CXX11 1
#define HAVE_PTHREAD_PRIO_INHERIT 1
#define HAVE_PTHREAD 1
#define HAVE_HASH_MAP 1
#define HAVE_HASH_SET 1
#define HASH_MAP_H <unordered_map>
#define HASH_SET_H <unordered_set>
#define HASH_NAMESPACE std
#define HASH_MAP_CLASS unordered_map
#define HASH_SET_CLASS unordered_set

configure: exit 0
